<?xml version="1.0" encoding="UTF-8"?>
<!-- Generated by org.testng.reporters.JUnitXMLReporter -->
<testsuite ignored="0" hostname="DESKTOP-T4MFR2V" failures="0" tests="5" name="Default test" time="70.937" errors="0" timestamp="2023-09-25T15:42:37 IST">
  <testcase classname="OrangeHRM.TestScript.LoginTest" name="loginTest" time="1.58"/>
  <testcase classname="OrangeHRM.TestScript.LoginTest" name="loginTest" time="1.135"/>
  <testcase classname="OrangeHRM.TestScript.LoginTest" name="loginTest" time="1.435"/>
  <testcase classname="OrangeHRM.TestScript.LoginTest" name="loginTest" time="1.445"/>
  <testcase classname="OrangeHRM.TestScript.LoginTest" name="loginTest" time="2.109"/>
</testsuite> <!-- Default test -->
