<?xml version="1.0" encoding="UTF-8"?>
<testng-results ignored="0" total="5" passed="5" failed="0" skipped="0">
  <reporter-output>
  </reporter-output>
  <suite started-at="2023-09-25T15:41:26 IST" name="Default suite" finished-at="2023-09-25T15:42:37 IST" duration-ms="70937">
    <groups>
    </groups>
    <test started-at="2023-09-25T15:41:26 IST" name="Default test" finished-at="2023-09-25T15:42:37 IST" duration-ms="70937">
      <class name="OrangeHRM.TestScript.LoginTest">
        <test-method is-config="true" signature="beforeSuite()[pri:0, instance:OrangeHRM.TestScript.LoginTest@72cc7e6f]" started-at="2023-09-25T15:41:26 IST" name="beforeSuite" finished-at="2023-09-25T15:41:26 IST" duration-ms="375" status="PASS">
          <reporter-output>
          </reporter-output>
        </test-method> <!-- beforeSuite -->
        <test-method is-config="true" signature="setup(java.lang.reflect.Method)[pri:0, instance:OrangeHRM.TestScript.LoginTest@72cc7e6f]" started-at="2023-09-25T15:41:28 IST" name="setup" finished-at="2023-09-25T15:41:43 IST" duration-ms="15319" status="PASS">
          <params>
            <param index="0">
              <value>
                <![CDATA[public void OrangeHRM.TestScript.LoginTest.loginTest(java.lang.String,java.lang.String)]]>
              </value>
            </param>
          </params>
          <reporter-output>
          </reporter-output>
        </test-method> <!-- setup -->
        <test-method signature="loginTest(java.lang.String,java.lang.String)[pri:0, instance:OrangeHRM.TestScript.LoginTest@72cc7e6f]" started-at="2023-09-25T15:41:43 IST" name="loginTest" data-provider="loginDataProvider" finished-at="2023-09-25T15:41:45 IST" duration-ms="1580" status="PASS">
          <params>
            <param index="0">
              <value>
                <![CDATA[Admin]]>
              </value>
            </param>
            <param index="1">
              <value>
                <![CDATA[admin123]]>
              </value>
            </param>
          </params>
          <reporter-output>
          </reporter-output>
        </test-method> <!-- loginTest -->
        <test-method is-config="true" signature="teardown(org.testng.ITestResult)[pri:0, instance:OrangeHRM.TestScript.LoginTest@72cc7e6f]" started-at="2023-09-25T15:41:45 IST" name="teardown" finished-at="2023-09-25T15:41:46 IST" duration-ms="866" status="PASS">
          <params>
            <param index="0">
              <value>
                <![CDATA[[TestResult name=loginTest status=SUCCESS method=LoginTest.loginTest(java.lang.String,java.lang.String)[pri:0, instance:OrangeHRM.TestScript.LoginTest@72cc7e6f] output={null}]]]>
              </value>
            </param>
          </params>
          <reporter-output>
          </reporter-output>
        </test-method> <!-- teardown -->
        <test-method is-config="true" signature="setup(java.lang.reflect.Method)[pri:0, instance:OrangeHRM.TestScript.LoginTest@72cc7e6f]" started-at="2023-09-25T15:41:46 IST" name="setup" finished-at="2023-09-25T15:41:57 IST" duration-ms="11565" status="PASS">
          <params>
            <param index="0">
              <value>
                <![CDATA[public void OrangeHRM.TestScript.LoginTest.loginTest(java.lang.String,java.lang.String)]]>
              </value>
            </param>
          </params>
          <reporter-output>
          </reporter-output>
        </test-method> <!-- setup -->
        <test-method signature="loginTest(java.lang.String,java.lang.String)[pri:0, instance:OrangeHRM.TestScript.LoginTest@72cc7e6f]" started-at="2023-09-25T15:41:57 IST" name="loginTest" data-provider="loginDataProvider" finished-at="2023-09-25T15:41:58 IST" duration-ms="1135" status="PASS">
          <params>
            <param index="0">
              <value>
                <![CDATA[Admin1]]>
              </value>
            </param>
            <param index="1">
              <value>
                <![CDATA[admin234]]>
              </value>
            </param>
          </params>
          <reporter-output>
          </reporter-output>
        </test-method> <!-- loginTest -->
        <test-method is-config="true" signature="teardown(org.testng.ITestResult)[pri:0, instance:OrangeHRM.TestScript.LoginTest@72cc7e6f]" started-at="2023-09-25T15:41:58 IST" name="teardown" finished-at="2023-09-25T15:41:58 IST" duration-ms="274" status="PASS">
          <params>
            <param index="0">
              <value>
                <![CDATA[[TestResult name=loginTest status=SUCCESS method=LoginTest.loginTest(java.lang.String,java.lang.String)[pri:0, instance:OrangeHRM.TestScript.LoginTest@72cc7e6f] output={null}]]]>
              </value>
            </param>
          </params>
          <reporter-output>
          </reporter-output>
        </test-method> <!-- teardown -->
        <test-method is-config="true" signature="setup(java.lang.reflect.Method)[pri:0, instance:OrangeHRM.TestScript.LoginTest@72cc7e6f]" started-at="2023-09-25T15:41:58 IST" name="setup" finished-at="2023-09-25T15:42:09 IST" duration-ms="10523" status="PASS">
          <params>
            <param index="0">
              <value>
                <![CDATA[public void OrangeHRM.TestScript.LoginTest.loginTest(java.lang.String,java.lang.String)]]>
              </value>
            </param>
          </params>
          <reporter-output>
          </reporter-output>
        </test-method> <!-- setup -->
        <test-method signature="loginTest(java.lang.String,java.lang.String)[pri:0, instance:OrangeHRM.TestScript.LoginTest@72cc7e6f]" started-at="2023-09-25T15:42:09 IST" name="loginTest" data-provider="loginDataProvider" finished-at="2023-09-25T15:42:10 IST" duration-ms="1435" status="PASS">
          <params>
            <param index="0">
              <value>
                <![CDATA[Admin2]]>
              </value>
            </param>
            <param index="1">
              <value>
                <![CDATA[admin345]]>
              </value>
            </param>
          </params>
          <reporter-output>
          </reporter-output>
        </test-method> <!-- loginTest -->
        <test-method is-config="true" signature="teardown(org.testng.ITestResult)[pri:0, instance:OrangeHRM.TestScript.LoginTest@72cc7e6f]" started-at="2023-09-25T15:42:10 IST" name="teardown" finished-at="2023-09-25T15:42:11 IST" duration-ms="280" status="PASS">
          <params>
            <param index="0">
              <value>
                <![CDATA[[TestResult name=loginTest status=SUCCESS method=LoginTest.loginTest(java.lang.String,java.lang.String)[pri:0, instance:OrangeHRM.TestScript.LoginTest@72cc7e6f] output={null}]]]>
              </value>
            </param>
          </params>
          <reporter-output>
          </reporter-output>
        </test-method> <!-- teardown -->
        <test-method is-config="true" signature="setup(java.lang.reflect.Method)[pri:0, instance:OrangeHRM.TestScript.LoginTest@72cc7e6f]" started-at="2023-09-25T15:42:11 IST" name="setup" finished-at="2023-09-25T15:42:25 IST" duration-ms="14609" status="PASS">
          <params>
            <param index="0">
              <value>
                <![CDATA[public void OrangeHRM.TestScript.LoginTest.loginTest(java.lang.String,java.lang.String)]]>
              </value>
            </param>
          </params>
          <reporter-output>
          </reporter-output>
        </test-method> <!-- setup -->
        <test-method signature="loginTest(java.lang.String,java.lang.String)[pri:0, instance:OrangeHRM.TestScript.LoginTest@72cc7e6f]" started-at="2023-09-25T15:42:25 IST" name="loginTest" data-provider="loginDataProvider" finished-at="2023-09-25T15:42:27 IST" duration-ms="1445" status="PASS">
          <params>
            <param index="0">
              <value>
                <![CDATA[Admin3]]>
              </value>
            </param>
            <param index="1">
              <value>
                <![CDATA[admin456]]>
              </value>
            </param>
          </params>
          <reporter-output>
          </reporter-output>
        </test-method> <!-- loginTest -->
        <test-method is-config="true" signature="teardown(org.testng.ITestResult)[pri:0, instance:OrangeHRM.TestScript.LoginTest@72cc7e6f]" started-at="2023-09-25T15:42:27 IST" name="teardown" finished-at="2023-09-25T15:42:27 IST" duration-ms="238" status="PASS">
          <params>
            <param index="0">
              <value>
                <![CDATA[[TestResult name=loginTest status=SUCCESS method=LoginTest.loginTest(java.lang.String,java.lang.String)[pri:0, instance:OrangeHRM.TestScript.LoginTest@72cc7e6f] output={null}]]]>
              </value>
            </param>
          </params>
          <reporter-output>
          </reporter-output>
        </test-method> <!-- teardown -->
        <test-method is-config="true" signature="setup(java.lang.reflect.Method)[pri:0, instance:OrangeHRM.TestScript.LoginTest@72cc7e6f]" started-at="2023-09-25T15:42:27 IST" name="setup" finished-at="2023-09-25T15:42:35 IST" duration-ms="7945" status="PASS">
          <params>
            <param index="0">
              <value>
                <![CDATA[public void OrangeHRM.TestScript.LoginTest.loginTest(java.lang.String,java.lang.String)]]>
              </value>
            </param>
          </params>
          <reporter-output>
          </reporter-output>
        </test-method> <!-- setup -->
        <test-method signature="loginTest(java.lang.String,java.lang.String)[pri:0, instance:OrangeHRM.TestScript.LoginTest@72cc7e6f]" started-at="2023-09-25T15:42:35 IST" name="loginTest" data-provider="loginDataProvider" finished-at="2023-09-25T15:42:37 IST" duration-ms="2109" status="PASS">
          <params>
            <param index="0">
              <value>
                <![CDATA[Admin4]]>
              </value>
            </param>
            <param index="1">
              <value>
                <![CDATA[admin567]]>
              </value>
            </param>
          </params>
          <reporter-output>
          </reporter-output>
        </test-method> <!-- loginTest -->
        <test-method is-config="true" signature="teardown(org.testng.ITestResult)[pri:0, instance:OrangeHRM.TestScript.LoginTest@72cc7e6f]" started-at="2023-09-25T15:42:37 IST" name="teardown" finished-at="2023-09-25T15:42:37 IST" duration-ms="276" status="PASS">
          <params>
            <param index="0">
              <value>
                <![CDATA[[TestResult name=loginTest status=SUCCESS method=LoginTest.loginTest(java.lang.String,java.lang.String)[pri:0, instance:OrangeHRM.TestScript.LoginTest@72cc7e6f] output={null}]]]>
              </value>
            </param>
          </params>
          <reporter-output>
          </reporter-output>
        </test-method> <!-- teardown -->
      </class> <!-- OrangeHRM.TestScript.LoginTest -->
    </test> <!-- Default test -->
  </suite> <!-- Default suite -->
</testng-results>
